[2025-04-13 15:58:32] Login attempt initiated
Connection status: Connected
Executing SQL: SELECT id, username, email, password FROM users WHERE username = ?
Found users: 1
User found, verifying password
Stored hash: $2y$10$F09...(redacted)
Login successful, redirecting to dashboard

[2025-04-13 16:32:51] Login attempt initiated
Connection status: Connected
Executing SQL: SELECT id, username, email, password FROM users WHERE username = ?
Found users: 0
Username not found in database

[2025-04-13 16:33:01] Login attempt initiated
Connection status: Connected
Executing SQL: SELECT id, username, email, password FROM users WHERE username = ?
Found users: 0
Username not found in database

[2025-04-13 16:33:17] Login attempt initiated
Connection status: Connected
Executing SQL: SELECT id, username, email, password FROM users WHERE username = ?
Found users: 1
User found, verifying password
Stored hash: $2y$10$cn3...(redacted)
Login successful, redirecting to dashboard

[2025-04-14 09:05:55] Login attempt initiated
Connection status: Connected
Executing SQL: SELECT id, username, email, password FROM users WHERE username = ?
Found users: 1
User found, verifying password
Stored hash: $2y$10$cn3...(redacted)
Login successful, redirecting to dashboard

[2025-04-14 09:37:50] Login attempt initiated
Connection status: Connected
Executing SQL: SELECT id, username, email, password FROM users WHERE username = ?
Found users: 0
Username not found in database

[2025-04-14 09:37:57] Login attempt initiated
Connection status: Connected
Executing SQL: SELECT id, username, email, password FROM users WHERE username = ?
Found users: 0
Username not found in database

[2025-04-14 09:38:16] Login attempt initiated
Connection status: Connected
Executing SQL: SELECT id, username, email, password FROM users WHERE username = ?
Found users: 1
User found, verifying password
Stored hash: $2y$10$irK...(redacted)
Login successful, redirecting to dashboard

[2025-04-14 09:43:41] Login attempt initiated
Connection status: Connected
Executing SQL: SELECT id, username, email, password FROM users WHERE username = ?
Found users: 1
User found, verifying password
Stored hash: $2y$10$irK...(redacted)
Login successful, redirecting to dashboard

[2025-04-14 10:23:44] Login attempt initiated
Connection status: Connected
Executing SQL: SELECT id, username, email, password FROM users WHERE username = ?
Found users: 1
User found, verifying password
Stored hash: $2y$10$irK...(redacted)
Login successful, redirecting to dashboard

[2025-04-14 11:11:32] Login attempt initiated
Connection status: Connected
Executing SQL: SELECT id, username, email, password FROM users WHERE username = ?
Found users: 1
User found, verifying password
Stored hash: $2y$10$irK...(redacted)
Login successful, redirecting to dashboard

[2025-04-14 11:12:55] Login attempt initiated
Connection status: Connected
Executing SQL: SELECT id, username, email, password FROM users WHERE username = ?
Found users: 1
User found, verifying password
Stored hash: $2y$10$irK...(redacted)
Login successful, redirecting to dashboard

[2025-04-14 11:13:09] Login attempt initiated
Connection status: Connected
Executing SQL: SELECT id, username, email, password FROM users WHERE username = ?
Found users: 1
User found, verifying password
Stored hash: $2y$10$irK...(redacted)
Login successful, redirecting to dashboard

[2025-04-14 11:17:53] Login attempt initiated
Connection status: Connected
Executing SQL: SELECT id, username, email, password FROM users WHERE username = ?
Found users: 0
Username not found in database

[2025-04-14 11:17:58] Login attempt initiated
Connection status: Connected
Executing SQL: SELECT id, username, email, password FROM users WHERE username = ?
Found users: 0
Username not found in database

[2025-04-14 11:18:11] Login attempt initiated
Connection status: Connected
Executing SQL: SELECT id, username, email, password FROM users WHERE username = ?
Found users: 1
User found, verifying password
Stored hash: $2y$10$QbC...(redacted)
Login successful, redirecting to dashboard

[2025-04-14 14:55:12] Login attempt initiated
Connection status: Connected
Executing SQL: SELECT id, username, email, password FROM users WHERE username = ?
Found users: 1
User found, verifying password
Stored hash: $2y$10$QbC...(redacted)
Login successful, redirecting to dashboard

[2025-04-15 10:20:57] Login attempt initiated
Connection status: Connected
Executing SQL: SELECT id, username, email, password FROM users WHERE username = ?
Found users: 1
User found, verifying password
Stored hash: $2y$10$QbC...(redacted)
Login successful, redirecting to dashboard

[2025-04-19 07:38:24] Login attempt initiated
Connection status: Connected
Executing SQL: SELECT id, username, email, password FROM users WHERE username = ?
Found users: 1
User found, verifying password
Stored hash: $2y$10$QbC...(redacted)
Login successful, redirecting to dashboard

[2025-04-19 07:42:07] Login attempt initiated
Connection status: Connected
Executing SQL: SELECT id, username, email, password FROM users WHERE username = ?
Found users: 1
User found, verifying password
Stored hash: $2y$10$QbC...(redacted)
Login successful, redirecting to dashboard

[2025-04-19 07:42:57] Login attempt initiated
Connection status: Connected
Executing SQL: SELECT id, username, email, password FROM users WHERE username = ?
Found users: 1
User found, verifying password
Stored hash: $2y$10$gi0...(redacted)
Password verification failed

[2025-04-19 07:43:05] Login attempt initiated
Connection status: Connected
Executing SQL: SELECT id, username, email, password FROM users WHERE username = ?
Found users: 1
User found, verifying password
Stored hash: $2y$10$gi0...(redacted)
Login successful, redirecting to dashboard

[2025-04-19 09:42:53] Login attempt initiated
Connection status: Connected
Executing SQL: SELECT id, username, email, password FROM users WHERE username = ?
Found users: 0
Username not found in database

[2025-04-19 09:43:06] Login attempt initiated
Connection status: Connected
Executing SQL: SELECT id, username, email, password FROM users WHERE username = ?
Found users: 1
User found, verifying password
Stored hash: $2y$10$VKw...(redacted)
Login successful, redirecting to dashboard

[2025-04-19 11:02:18] Login attempt initiated
Connection status: Connected
Executing SQL: SELECT id, username, email, password FROM users WHERE username = ?
Found users: 1
User found, verifying password
Stored hash: $2y$10$pyV...(redacted)
Login successful, redirecting to dashboard

[2025-04-19 11:02:26] Login attempt initiated
Connection status: Connected
Executing SQL: SELECT id, username, email, password FROM users WHERE username = ?
Found users: 1
User found, verifying password
Stored hash: $2y$10$pyV...(redacted)
Login successful, redirecting to dashboard

[2025-04-19 11:09:04] Login attempt initiated
Connection status: Connected
Executing SQL: SELECT id, username, email, password FROM users WHERE username = ?
Found users: 0
Username not found in database

[2025-04-19 11:09:13] Login attempt initiated
Connection status: Connected
Executing SQL: SELECT id, username, email, password FROM users WHERE username = ?
Found users: 1
User found, verifying password
Stored hash: $2y$10$VKw...(redacted)
Login successful, redirecting to dashboard

[2025-04-19 12:11:47] Login attempt initiated
Connection status: Connected
Executing SQL: SELECT id, username, email, password FROM users WHERE username = ?
Found users: 0
Username not found in database

[2025-04-19 12:13:42] Login attempt initiated
Connection status: Connected
Executing SQL: SELECT id, username, email, password FROM users WHERE username = ?
Found users: 1
User found, verifying password
Stored hash: $2y$10$Gnp...(redacted)
Login successful, redirecting to dashboard

[2025-04-19 15:38:08] Login attempt initiated
Connection status: Connected
Executing SQL: SELECT id, username, email, password FROM users WHERE username = ?
Found users: 0
Username not found in database

[2025-04-19 15:38:10] Login attempt initiated
Connection status: Connected
Executing SQL: SELECT id, username, email, password FROM users WHERE username = ?
Found users: 0
Username not found in database

[2025-04-19 15:38:27] Login attempt initiated
Connection status: Connected
Executing SQL: SELECT id, username, email, password FROM users WHERE username = ?
Found users: 1
User found, verifying password
Stored hash: $2y$10$699...(redacted)
Login successful, redirecting to dashboard

[2025-04-19 16:17:55] Login attempt initiated
Connection status: Connected
Executing SQL: SELECT id, username, email, password FROM users WHERE username = ?
Found users: 0
Username not found in database

[2025-04-19 16:18:01] Login attempt initiated
Connection status: Connected
Executing SQL: SELECT id, username, email, password FROM users WHERE username = ?
Found users: 0
Username not found in database

[2025-04-19 16:18:15] Login attempt initiated
Connection status: Connected
Executing SQL: SELECT id, username, email, password FROM users WHERE username = ?
Found users: 0
Username not found in database

[2025-04-19 16:18:36] Login attempt initiated
Connection status: Connected
Executing SQL: SELECT id, username, email, password FROM users WHERE username = ?
Found users: 1
User found, verifying password
Stored hash: $2y$10$NY3...(redacted)
Password verification failed

[2025-04-19 16:18:45] Login attempt initiated
Connection status: Connected
Executing SQL: SELECT id, username, email, password FROM users WHERE username = ?
Found users: 0
Username not found in database

[2025-04-19 16:18:47] Login attempt initiated
Connection status: Connected
Form validation failed

[2025-04-19 16:18:52] Login attempt initiated
Connection status: Connected
Executing SQL: SELECT id, username, email, password FROM users WHERE username = ?
Found users: 0
Username not found in database

[2025-04-19 16:19:04] Login attempt initiated
Connection status: Connected
Executing SQL: SELECT id, username, email, password FROM users WHERE username = ?
Found users: 1
User found, verifying password
Stored hash: $2y$10$NY3...(redacted)
Password verification failed

[2025-04-19 16:19:05] Login attempt initiated
Connection status: Connected
Executing SQL: SELECT id, username, email, password FROM users WHERE username = ?
Found users: 1
User found, verifying password
Stored hash: $2y$10$NY3...(redacted)
Password verification failed

[2025-04-19 16:19:06] Login attempt initiated
Connection status: Connected
Executing SQL: SELECT id, username, email, password FROM users WHERE username = ?
Found users: 1
User found, verifying password
Stored hash: $2y$10$NY3...(redacted)
Password verification failed

[2025-04-19 16:19:50] Login attempt initiated
Connection status: Connected
Executing SQL: SELECT id, username, email, password FROM users WHERE username = ?
Found users: 1
User found, verifying password
Stored hash: $2y$10$WAn...(redacted)
Login successful, redirecting to dashboard

[2025-04-19 17:00:06] Login attempt initiated
Connection status: Connected
Executing SQL: SELECT id, username, email, password FROM users WHERE username = ?
Found users: 1
User found, verifying password
Stored hash: $2y$10$MqF...(redacted)
Login successful, redirecting to dashboard

[2025-04-19 17:47:58] Login attempt initiated
Connection status: Connected
Executing SQL: SELECT id, username, email, password FROM users WHERE username = ?
Found users: 0
Username not found in database

[2025-04-19 17:50:27] Login attempt initiated
Connection status: Connected
Executing SQL: SELECT id, username, email, password FROM users WHERE username = ?
Found users: 1
User found, verifying password
Stored hash: $2y$10$aJs...(redacted)
Login successful, redirecting to dashboard

[2025-04-19 18:12:45] Login attempt initiated
Connection status: Connected
Executing SQL: SELECT id, username, email, password FROM users WHERE username = ?
Found users: 1
User found, verifying password
Stored hash: $2y$10$aJs...(redacted)
Login successful, redirecting to dashboard

[2025-04-19 18:16:42] Login attempt initiated
Connection status: Connected
Executing SQL: SELECT id, username, email, password FROM users WHERE username = ?
Found users: 1
User found, verifying password
Stored hash: $2y$10$aJs...(redacted)
Login successful, redirecting to dashboard

[2025-04-19 19:01:27] Login attempt initiated
Connection status: Connected
Executing SQL: SELECT id, username, email, password FROM users WHERE username = ?
Found users: 0
Username not found in database

[2025-04-19 19:01:36] Login attempt initiated
Connection status: Connected
Executing SQL: SELECT id, username, email, password FROM users WHERE username = ?
Found users: 0
Username not found in database

[2025-04-19 19:01:45] Login attempt initiated
Connection status: Connected
Executing SQL: SELECT id, username, email, password FROM users WHERE username = ?
Found users: 0
Username not found in database

[2025-04-19 19:19:41] Login attempt initiated
Connection status: Connected
Executing SQL: SELECT id, username, email, password FROM users WHERE username = ?
Found users: 1
User found, verifying password
Stored hash: $2y$10$vZj...(redacted)
Login successful, redirecting to dashboard

[2025-04-19 19:20:39] Login attempt initiated
Connection status: Connected
Executing SQL: SELECT id, username, email, password FROM users WHERE username = ?
Found users: 1
User found, verifying password
Stored hash: $2y$10$vZj...(redacted)
Login successful, redirecting to dashboard

[2025-04-19 19:49:53] Login attempt initiated
Connection status: Connected
Executing SQL: SELECT id, username, email, password FROM users WHERE username = ?
Found users: 1
User found, verifying password
Stored hash: $2y$10$vZj...(redacted)
Login successful, redirecting to dashboard

[2025-04-19 20:08:50] Login attempt initiated
Connection status: Connected
Executing SQL: SELECT id, username, email, password FROM users WHERE username = ?
Found users: 1
User found, verifying password
Stored hash: $2y$10$vZj...(redacted)
Login successful, redirecting to dashboard

[2025-04-19 20:14:11] Login attempt initiated
Connection status: Connected
Executing SQL: SELECT id, username, email, password FROM users WHERE username = ?
Found users: 1
User found, verifying password
Stored hash: $2y$10$GFQ...(redacted)
Login successful, redirecting to dashboard

[2025-04-20 05:36:31] Login attempt initiated
Connection status: Connected
Executing SQL: SELECT id, username, email, password FROM users WHERE username = ?
Found users: 1
User found, verifying password
Stored hash: $2y$10$vZj...(redacted)
Login successful, redirecting to dashboard

[2025-04-20 05:59:10] Login attempt initiated
Connection status: Connected
Executing SQL: SELECT id, username, email, password FROM users WHERE username = ?
Found users: 1
User found, verifying password
Stored hash: $2y$10$vZj...(redacted)
Login successful, redirecting to dashboard

[2025-04-20 06:08:23] Login attempt initiated
Connection status: Connected
Executing SQL: SELECT id, username, email, password FROM users WHERE username = ?
Found users: 0
Username not found in database

[2025-04-20 06:08:28] Login attempt initiated
Connection status: Connected
Executing SQL: SELECT id, username, email, password FROM users WHERE username = ?
Found users: 0
Username not found in database

[2025-04-20 06:09:12] Login attempt initiated
Connection status: Connected
Executing SQL: SELECT id, username, email, password FROM users WHERE username = ?
Found users: 1
User found, verifying password
Stored hash: $2y$10$rgX...(redacted)
Password verification failed

[2025-04-20 06:09:18] Login attempt initiated
Connection status: Connected
Form validation failed

[2025-04-20 06:09:23] Login attempt initiated
Connection status: Connected
Executing SQL: SELECT id, username, email, password FROM users WHERE username = ?
Found users: 0
Username not found in database

[2025-04-20 06:09:33] Login attempt initiated
Connection status: Connected
Executing SQL: SELECT id, username, email, password FROM users WHERE username = ?
Found users: 1
User found, verifying password
Stored hash: $2y$10$GFQ...(redacted)
Login successful, redirecting to dashboard

[2025-04-20 06:11:19] Login attempt initiated
Connection status: Connected
Executing SQL: SELECT id, username, email, password FROM users WHERE username = ?
Found users: 0
Username not found in database

[2025-04-20 06:12:03] Login attempt initiated
Connection status: Connected
Executing SQL: SELECT id, username, email, password FROM users WHERE username = ?
Found users: 1
User found, verifying password
Stored hash: $2y$10$vZj...(redacted)
Login successful, redirecting to dashboard

[2025-04-20 09:41:37] Login attempt initiated
Connection status: Connected
Executing SQL: SELECT id, username, email, password FROM users WHERE username = ?
Found users: 1
User found, verifying password
Stored hash: $2y$10$472...(redacted)
Login successful, redirecting to dashboard

[2025-04-20 10:02:24] Login attempt initiated
Connection status: Connected
Executing SQL: SELECT id, username, email, password FROM users WHERE username = ?
Found users: 1
User found, verifying password
Stored hash: $2y$10$vZj...(redacted)
Login successful, redirecting to dashboard

[2025-04-20 10:06:02] Login attempt initiated
Connection status: Connected
Executing SQL: SELECT id, username, email, password FROM users WHERE username = ?
Found users: 0
Username not found in database

[2025-04-20 10:06:17] Login attempt initiated
Connection status: Connected
Executing SQL: SELECT id, username, email, password FROM users WHERE username = ?
Found users: 1
User found, verifying password
Stored hash: $2y$10$vZj...(redacted)
Login successful, redirecting to dashboard

[2025-04-20 11:05:51] Login attempt initiated
Connection status: Connected
Executing SQL: SELECT id, username, email, password FROM users WHERE username = ?
Found users: 1
User found, verifying password
Stored hash: $2y$10$vZj...(redacted)
Login successful, redirecting to dashboard

[2025-04-20 11:50:45] Login attempt initiated
Connection status: Connected
Executing SQL: SELECT id, username, email, password FROM users WHERE username = ?
Found users: 1
User found, verifying password
Stored hash: $2y$10$vZj...(redacted)
Login successful, redirecting to dashboard

[2025-04-20 12:02:32] Login attempt initiated
Connection status: Connected
Executing SQL: SELECT id, username, email, password FROM users WHERE username = ?
Found users: 1
User found, verifying password
Stored hash: $2y$10$tO3...(redacted)
Login successful, redirecting to dashboard

